<?xml version="1.0" encoding="UTF-8"?>
<testng-results skipped="0" failed="0" ignored="0" total="1" passed="1">
  <reporter-output>
  </reporter-output>
  <suite name="Default suite" duration-ms="200" started-at="2021-08-24T14:25:48Z" finished-at="2021-08-24T14:25:48Z">
    <groups>
    </groups>
    <test name="Default test" duration-ms="200" started-at="2021-08-24T14:25:48Z" finished-at="2021-08-24T14:25:48Z">
      <class name="org.sampp.TestingLearn">
        <test-method status="PASS" signature="beforetest()[pri:0, instance:org.sampp.TestingLearn@5d5eef3d]" name="beforetest" is-config="true" duration-ms="46" started-at="2021-08-24T14:25:48Z" finished-at="2021-08-24T14:25:48Z">
          <reporter-output>
          </reporter-output>
        </test-method> <!-- beforetest -->
        <test-method status="PASS" signature="beforeclass()[pri:0, instance:org.sampp.TestingLearn@5d5eef3d]" name="beforeclass" is-config="true" duration-ms="1" started-at="2021-08-24T14:25:48Z" finished-at="2021-08-24T14:25:48Z">
          <reporter-output>
          </reporter-output>
        </test-method> <!-- beforeclass -->
        <test-method status="PASS" signature="beforemethod()[pri:0, instance:org.sampp.TestingLearn@5d5eef3d]" name="beforemethod" is-config="true" duration-ms="0" started-at="2021-08-24T14:25:48Z" finished-at="2021-08-24T14:25:48Z">
          <reporter-output>
          </reporter-output>
        </test-method> <!-- beforemethod -->
        <test-method status="PASS" signature="testing()[pri:0, instance:org.sampp.TestingLearn@5d5eef3d]" name="testing" duration-ms="18" started-at="2021-08-24T14:25:48Z" finished-at="2021-08-24T14:25:48Z">
          <reporter-output>
          </reporter-output>
        </test-method> <!-- testing -->
        <test-method status="PASS" signature="aftermethod()[pri:0, instance:org.sampp.TestingLearn@5d5eef3d]" name="aftermethod" is-config="true" duration-ms="3" started-at="2021-08-24T14:25:48Z" finished-at="2021-08-24T14:25:48Z">
          <reporter-output>
          </reporter-output>
        </test-method> <!-- aftermethod -->
      </class> <!-- org.sampp.TestingLearn -->
    </test> <!-- Default test -->
  </suite> <!-- Default suite -->
</testng-results>
